{
  "RSpec": {
    "coverage": {
      "/Users/isaacalter/Desktop/turing_work/1mod/projects/night_writer/lib/night_writer_class.rb": {
        "lines": [
          1,
          null,
          1,
          null,
          null,
          null,
          null,
          1,
          0,
          0,
          0,
          0,
          null,
          null,
          1,
          0,
          0,
          null,
          0,
          null,
          null,
          null,
          1,
          0,
          null,
          null,
          1,
          0,
          0,
          null,
          0,
          null,
          null
        ]
      },
      "/Users/isaacalter/Desktop/turing_work/1mod/projects/night_writer/lib/english_to_braille.rb": {
        "lines": [
          1,
          1,
          null,
          1,
          3,
          null,
          null,
          1,
          1,
          null,
          null,
          null,
          null,
          null,
          null,
          null,
          null,
          null,
          null,
          null,
          null,
          null,
          null,
          null,
          null,
          null,
          null,
          null,
          null,
          null,
          null,
          null,
          null,
          null,
          null,
          null,
          null,
          1,
          null,
          1,
          162,
          11,
          0,
          null,
          11,
          null,
          null,
          null,
          1,
          null,
          null,
          null,
          1,
          11,
          11,
          11,
          null,
          null,
          1,
          null,
          null
        ]
      }
    },
    "timestamp": 1673856312
  }
}
